<html>
<head>
<title>TestNG:  Default test</title>
<link href="../testng.css" rel="stylesheet" type="text/css" />
<link href="../my-testng.css" rel="stylesheet" type="text/css" />

<style type="text/css">
.log { display: none;} 
.stack-trace { display: none;} 
</style>
<script type="text/javascript">
<!--
function flip(e) {
  current = e.style.display;
  if (current == 'block') {
    e.style.display = 'none';
    return 0;
  }
  else {
    e.style.display = 'block';
    return 1;
  }
}

function toggleBox(szDivId, elem, msg1, msg2)
{
  var res = -1;  if (document.getElementById) {
    res = flip(document.getElementById(szDivId));
  }
  else if (document.all) {
    // this is the way old msie versions work
    res = flip(document.all[szDivId]);
  }
  if(elem) {
    if(res == 0) elem.innerHTML = msg1; else elem.innerHTML = msg2;
  }

}

function toggleAllBoxes() {
  if (document.getElementsByTagName) {
    d = document.getElementsByTagName('div');
    for (i = 0; i < d.length; i++) {
      if (d[i].className == 'log') {
        flip(d[i]);
      }
    }
  }
}

// -->
</script>

</head>
<body>
<h2 align='center'>Default test</h2><table border='1' align="center">
<tr>
<td>Tests passed/Failed/Skipped:</td><td>10/2/0</td>
</tr><tr>
<td>Started on:</td><td>Thu Apr 06 18:38:52 EDT 2023</td>
</tr>
<tr><td>Total time:</td><td>58 seconds (58150 ms)</td>
</tr><tr>
<td>Included groups:</td><td></td>
</tr><tr>
<td>Excluded groups:</td><td></td>
</tr>
</table><p/>
<small><i>(Hover the method name to see the test class name)</i></small><p/>
<table width='100%' border='1' class='invocation-failed'>
<tr><td colspan='4' align='center'><b>FAILED TESTS</b></td></tr>
<tr><td><b>Test method</b></td>
<td width="30%"><b>Exception</b></td>
<td width="10%"><b>Time (seconds)</b></td>
<td><b>Instance</b></td>
</tr>
<tr>
<td title='runner1.DsAlgoRunner.runScenario()'><b>runScenario</b><br>Test class: runner1.DsAlgoRunner<br>Test method: Runs Cucumber Scenarios<br>Parameters: "User navigates to Stack module", "Stack module"</td>
<td><div><pre>org.openqa.selenium.NoSuchElementException: no such element: Unable to locate element: {&quot;method&quot;:&quot;xpath&quot;,&quot;selector&quot;:&quot;//a[@href=&apos;stack&apos;]&quot;}
  (Session info: chrome=112.0.5615.49)
For documentation on this error, please visit: https://selenium.dev/exceptions/#no_such_element
Build info: version: &apos;4.8.3&apos;, revision: &apos;e5e76298c3&apos;
System info: os.name: &apos;Windows 11&apos;, os.arch: &apos;amd64&apos;, os.version: &apos;10.0&apos;, java.version: &apos;19.0.2&apos;
Driver info: org.openqa.selenium.chrome.ChromeDriver
Command: [21bf4356c299df01a46efc2c19db784b, findElement {using=xpath, value=//a[@href=&apos;stack&apos;]}]
Capabilities {acceptInsecureCerts: false, browserName: chrome, browserVersion: 112.0.5615.49, chrome: {chromedriverVersion: 112.0.5615.49 (bd2a7bcb881c..., userDataDir: C:\Users\saisn\AppData\Loca...}, goog:chromeOptions: {debuggerAddress: localhost:61892}, networkConnectionEnabled: false, pageLoadStrategy: normal, platformName: WINDOWS, proxy: Proxy(), se:cdp: ws://localhost:61892/devtoo..., se:cdpVersion: 112.0.5615.49, setWindowRect: true, strictFileInteractability: false, timeouts: {implicit: 0, pageLoad: 300000, script: 30000}, unhandledPromptBehavior: dismiss and notify, webauthn:extension:credBlob: true, webauthn:extension:largeBlob: true, webauthn:extension:minPinLength: true, webauthn:extension:prf: true, webauthn:virtualAuthenticators: true}
Session ID: 21bf4356c299df01a46efc2c19db784b
	at java.base/jdk.internal.reflect.DirectConstructorHandleAccessor.newInstance(DirectConstructorHandleAccessor.java:67)
	at java.base/java.lang.reflect.Constructor.newInstanceWithCaller(Constructor.java:500)
	at java.base/java.lang.reflect.Constructor.newInstance(Constructor.java:484)
	at org.openqa.selenium.remote.codec.w3c.W3CHttpResponseCodec.createException(W3CHttpResponseCodec.java:200)
	at org.openqa.selenium.remote.codec.w3c.W3CHttpResponseCodec.decode(W3CHttpResponseCodec.java:133)
	at org.openqa.selenium.remote.codec.w3c.W3CHttpResponseCodec.decode(W3CHttpResponseCodec.java:53)
	at org.openqa.selenium.remote.HttpCommandExecutor.execute(HttpCommandExecutor.java:193)
	at org.openqa.selenium.remote.service.DriverCommandExecutor.invokeExecute(DriverCommandExecutor.java:183)
	at org.openqa.selenium.remote.service.DriverCommandExecutor.execute(DriverCommandExecutor.java:158)
	at org.openqa.selenium.remote.RemoteWebDriver.execute(RemoteWebDriver.java:543)
	at org.openqa.selenium.remote.ElementLocation$ElementFinder$2.findElement(ElementLocation.java:162)
	at org.openqa.selenium.remote.ElementLocation.findElement(ElementLocation.java:60)
	at org.openqa.selenium.remote.RemoteWebDriver.findElement(RemoteWebDriver.java:352)
	at org.openqa.selenium.remote.RemoteWebDriver.findElement(RemoteWebDriver.java:344)
	at org.openqa.selenium.support.pagefactory.DefaultElementLocator.findElement(DefaultElementLocator.java:70)
	at org.openqa.selenium.support.pagefactory.internal.LocatingElementHandler.invoke(LocatingElementHandler.java:39)
	at jdk.proxy2/jdk.proxy2.$Proxy41.click(Unknown Source)
	at com.pages.Stack_Page.StackGetStart(Stack_Page.java:37)
	at stepDefinition.Stack_Step.user_clicks_on_stack_module_s_get_start_button(Stack_Step.java:27)
	at ✽.User clicks on stack module&apos;s get start button(file:///C:/Users/saisn/eclipse-workspace/DsAlgo/src/test/resources/FeatureFiles/6_Stack.feature:23)
</pre></div><a href='#' onClick='toggleBox("stack-trace318787032", this, "Click to show all stack frames", "Click to hide stack frames")'>Click to show all stack frames</a>
<div class='stack-trace' id='stack-trace318787032'><pre>org.openqa.selenium.NoSuchElementException: no such element: Unable to locate element: {&quot;method&quot;:&quot;xpath&quot;,&quot;selector&quot;:&quot;//a[@href=&apos;stack&apos;]&quot;}
  (Session info: chrome=112.0.5615.49)
For documentation on this error, please visit: https://selenium.dev/exceptions/#no_such_element
Build info: version: &apos;4.8.3&apos;, revision: &apos;e5e76298c3&apos;
System info: os.name: &apos;Windows 11&apos;, os.arch: &apos;amd64&apos;, os.version: &apos;10.0&apos;, java.version: &apos;19.0.2&apos;
Driver info: org.openqa.selenium.chrome.ChromeDriver
Command: [21bf4356c299df01a46efc2c19db784b, findElement {using=xpath, value=//a[@href=&apos;stack&apos;]}]
Capabilities {acceptInsecureCerts: false, browserName: chrome, browserVersion: 112.0.5615.49, chrome: {chromedriverVersion: 112.0.5615.49 (bd2a7bcb881c..., userDataDir: C:\Users\saisn\AppData\Loca...}, goog:chromeOptions: {debuggerAddress: localhost:61892}, networkConnectionEnabled: false, pageLoadStrategy: normal, platformName: WINDOWS, proxy: Proxy(), se:cdp: ws://localhost:61892/devtoo..., se:cdpVersion: 112.0.5615.49, setWindowRect: true, strictFileInteractability: false, timeouts: {implicit: 0, pageLoad: 300000, script: 30000}, unhandledPromptBehavior: dismiss and notify, webauthn:extension:credBlob: true, webauthn:extension:largeBlob: true, webauthn:extension:minPinLength: true, webauthn:extension:prf: true, webauthn:virtualAuthenticators: true}
Session ID: 21bf4356c299df01a46efc2c19db784b
	at java.base/jdk.internal.reflect.DirectConstructorHandleAccessor.newInstance(DirectConstructorHandleAccessor.java:67)
	at java.base/java.lang.reflect.Constructor.newInstanceWithCaller(Constructor.java:500)
	at java.base/java.lang.reflect.Constructor.newInstance(Constructor.java:484)
	at org.openqa.selenium.remote.codec.w3c.W3CHttpResponseCodec.createException(W3CHttpResponseCodec.java:200)
	at org.openqa.selenium.remote.codec.w3c.W3CHttpResponseCodec.decode(W3CHttpResponseCodec.java:133)
	at org.openqa.selenium.remote.codec.w3c.W3CHttpResponseCodec.decode(W3CHttpResponseCodec.java:53)
	at org.openqa.selenium.remote.HttpCommandExecutor.execute(HttpCommandExecutor.java:193)
	at org.openqa.selenium.remote.service.DriverCommandExecutor.invokeExecute(DriverCommandExecutor.java:183)
	at org.openqa.selenium.remote.service.DriverCommandExecutor.execute(DriverCommandExecutor.java:158)
	at org.openqa.selenium.remote.RemoteWebDriver.execute(RemoteWebDriver.java:543)
	at org.openqa.selenium.remote.ElementLocation$ElementFinder$2.findElement(ElementLocation.java:162)
	at org.openqa.selenium.remote.ElementLocation.findElement(ElementLocation.java:60)
	at org.openqa.selenium.remote.RemoteWebDriver.findElement(RemoteWebDriver.java:352)
	at org.openqa.selenium.remote.RemoteWebDriver.findElement(RemoteWebDriver.java:344)
	at org.openqa.selenium.support.pagefactory.DefaultElementLocator.findElement(DefaultElementLocator.java:70)
	at org.openqa.selenium.support.pagefactory.internal.LocatingElementHandler.invoke(LocatingElementHandler.java:39)
	at jdk.proxy2/jdk.proxy2.$Proxy41.click(Unknown Source)
	at com.pages.Stack_Page.StackGetStart(Stack_Page.java:37)
	at stepDefinition.Stack_Step.user_clicks_on_stack_module_s_get_start_button(Stack_Step.java:27)
	at ✽.User clicks on stack module&apos;s get start button(file:///C:/Users/saisn/eclipse-workspace/DsAlgo/src/test/resources/FeatureFiles/6_Stack.feature:23)
</pre></div></td>
<td>10</td>
<td>runner1.DsAlgoRunner@128d2484</td></tr>
<tr>
<td title='runner1.DsAlgoRunner.runScenario()'><b>runScenario</b><br>Test class: runner1.DsAlgoRunner<br>Test method: Runs Cucumber Scenarios<br>Parameters: "Register for new user", "Register page"</td>
<td><div><pre>org.junit.ComparisonFailure: expected:&lt;[Registration]&gt; but was:&lt;[NumpyNinja]&gt;
	at org.junit.Assert.assertEquals(Assert.java:117)
	at org.junit.Assert.assertEquals(Assert.java:146)
	at stepDefinition.Register_Step.user_navigated_to_numpy_ninja_home_page(Register_Step.java:77)
	at ✽.user navigated to NumpyNinja Home page(file:///C:/Users/saisn/eclipse-workspace/DsAlgo/src/test/resources/FeatureFiles/1_Lnch_Reg.feature:51)
</pre></div><a href='#' onClick='toggleBox("stack-trace71364493", this, "Click to show all stack frames", "Click to hide stack frames")'>Click to show all stack frames</a>
<div class='stack-trace' id='stack-trace71364493'><pre>org.junit.ComparisonFailure: expected:&lt;[Registration]&gt; but was:&lt;[NumpyNinja]&gt;
	at org.junit.Assert.assertEquals(Assert.java:117)
	at org.junit.Assert.assertEquals(Assert.java:146)
	at stepDefinition.Register_Step.user_navigated_to_numpy_ninja_home_page(Register_Step.java:77)
	at ✽.user navigated to NumpyNinja Home page(file:///C:/Users/saisn/eclipse-workspace/DsAlgo/src/test/resources/FeatureFiles/1_Lnch_Reg.feature:51)
</pre></div></td>
<td>6</td>
<td>runner1.DsAlgoRunner@128d2484</td></tr>
</table><p>
<table width='100%' border='1' class='invocation-passed'>
<tr><td colspan='4' align='center'><b>PASSED TESTS</b></td></tr>
<tr><td><b>Test method</b></td>
<td width="30%"><b>Exception</b></td>
<td width="10%"><b>Time (seconds)</b></td>
<td><b>Instance</b></td>
</tr>
<tr>
<td title='runner1.DsAlgoRunner.runScenario()'><b>runScenario</b><br>Test class: runner1.DsAlgoRunner<br>Test method: Runs Cucumber Scenarios<br>Parameters: "User navigates to DataStructure module", "DataStructure module"</td>
<td></td>
<td>2</td>
<td>runner1.DsAlgoRunner@128d2484</td></tr>
<tr>
<td title='runner1.DsAlgoRunner.runScenario()'><b>runScenario</b><br>Test class: runner1.DsAlgoRunner<br>Test method: Runs Cucumber Scenarios<br>Parameters: "User Clicks TryHere", "Stack module"</td>
<td></td>
<td>0</td>
<td>runner1.DsAlgoRunner@128d2484</td></tr>
<tr>
<td title='runner1.DsAlgoRunner.runScenario()'><b>runScenario</b><br>Test class: runner1.DsAlgoRunner<br>Test method: Runs Cucumber Scenarios<br>Parameters: "user is trying to access TimeComplexity", "DataStructure module"</td>
<td></td>
<td>0</td>
<td>runner1.DsAlgoRunner@128d2484</td></tr>
<tr>
<td title='runner1.DsAlgoRunner.runScenario()'><b>runScenario</b><br>Test class: runner1.DsAlgoRunner<br>Test method: Runs Cucumber Scenarios<br>Parameters: "Registeration for new user with invalid data", "Register page"</td>
<td></td>
<td>4</td>
<td>runner1.DsAlgoRunner@128d2484</td></tr>
<tr>
<td title='runner1.DsAlgoRunner.runScenario()'><b>runScenario</b><br>Test class: runner1.DsAlgoRunner<br>Test method: Runs Cucumber Scenarios<br>Parameters: "Registeration for new user with invalid data", "Register page"</td>
<td></td>
<td>4</td>
<td>runner1.DsAlgoRunner@128d2484</td></tr>
<tr>
<td title='runner1.DsAlgoRunner.runScenario()'><b>runScenario</b><br>Test class: runner1.DsAlgoRunner<br>Test method: Runs Cucumber Scenarios<br>Parameters: "Registeration for new user with invalid data", "Register page"</td>
<td></td>
<td>4</td>
<td>runner1.DsAlgoRunner@128d2484</td></tr>
<tr>
<td title='runner1.DsAlgoRunner.runScenario()'><b>runScenario</b><br>Test class: runner1.DsAlgoRunner<br>Test method: Runs Cucumber Scenarios<br>Parameters: "user is redirected to sign in page", "SignIn Page"</td>
<td></td>
<td>5</td>
<td>runner1.DsAlgoRunner@128d2484</td></tr>
<tr>
<td title='runner1.DsAlgoRunner.runScenario()'><b>runScenario</b><br>Test class: runner1.DsAlgoRunner<br>Test method: Runs Cucumber Scenarios<br>Parameters: "user try to click GetStart button without signingIn", "Register page"</td>
<td></td>
<td>12</td>
<td>runner1.DsAlgoRunner@128d2484</td></tr>
<tr>
<td title='runner1.DsAlgoRunner.runScenario()'><b>runScenario</b><br>Test class: runner1.DsAlgoRunner<br>Test method: Runs Cucumber Scenarios<br>Parameters: "user is trying to click TryHere button", "DataStructure module"</td>
<td></td>
<td>2</td>
<td>runner1.DsAlgoRunner@128d2484</td></tr>
<tr>
<td title='runner1.DsAlgoRunner.runScenario()'><b>runScenario</b><br>Test class: runner1.DsAlgoRunner<br>Test method: Runs Cucumber Scenarios<br>Parameters: "User navigates to operations in stack", "Stack module"</td>
<td></td>
<td>2</td>
<td>runner1.DsAlgoRunner@128d2484</td></tr>
</table><p>
</body>
</html>